MASTER_ADDR=adroit-h11g3
MASTER_PORT=31179
WORLD_SIZE=2
--- Running adder_example.pkl ---
self.parallel_reconstruction: True
Worker 1, compute_device: cuda:1
--- Running adder_example.pkl ---
self.parallel_reconstruction: True
Worker 0, compute_device: cuda:0
subcircuit_entry_length: [32, 32]
LEN(DATASET): 16
NUMBER BATCHES: 1
Compute Time: 1.5637431228533387
Approximate Error: 1.2621774483536279e-29
verify took 0.011
--- Reconstruction Complete ---
Total Reconstruction Time:	1.5637431228533387
Approxamate Error:	 1.2621774483536279e-29
DESTROYING NOW! 1.5637431228533387
WORKER 1 DYING
